Travel/app/Previous/LocationDiary/app/build/intermediates/manifest_merge_blame_file/debug/manifest-merger-blame-debug-report.txt
1<?xml version="1.0" encoding="utf-8"?>
2<manifest xmlns:android="http://schemas.android.com/apk/res/android"
3    package="com.sample.locationdiary"
4    android:versionCode="1"
5    android:versionName="1.0" >
6
7    <uses-sdk
8        android:minSdkVersion="24"
8-->src\main\AndroidManifest.xml
9        android:targetSdkVersion="29" />
9-->src\main\AndroidManifest.xml
10    <!-- 상대적으로 위치 정보를 얻어오기 위한 권한 설정(지하에 있어도 위치 얻어올 수 있음) -->
11    <uses-permission android:name="android.permission.ACCESS_COARSE_LOCATION" /> <!-- GPS를 이용해서 정확한 위치정보를 얻어오기 위한 권한 설정(전력소모 많음, 지하에 있으면 정확한 위치 측정 불가) -->
11-->src\main\AndroidManifest.xml:5:5-81
11-->src\main\AndroidManifest.xml:5:22-78
12    <uses-permission android:name="android.permission.ACCESS_FINE_LOCATION" /> <!-- 위도,경도를 주소로 변환하기 위해(지오코딩) 구글 서버에 접근하기 위한 인터넷 권한 설정 -->
12-->src\main\AndroidManifest.xml:6:5-79
12-->src\main\AndroidManifest.xml:6:22-76
13    <uses-permission android:name="android.permission.INTERNET" />
13-->src\main\AndroidManifest.xml:7:5-67
13-->src\main\AndroidManifest.xml:7:22-64
14
15    <application
15-->src\main\AndroidManifest.xml:9:5-34:19
16        android:allowBackup="true"
16-->src\main\AndroidManifest.xml:10:9-35
17        android:appComponentFactory="androidx.core.app.CoreComponentFactory"
17-->[androidx.core:core:1.1.0] AndroidManifest.xml:24:18-86
18        android:debuggable="true"
19        android:extractNativeLibs="false"
20        android:icon="@mipmap/ic_launcher"
20-->src\main\AndroidManifest.xml:11:9-43
21        android:label="LocationDiary"
21-->src\main\AndroidManifest.xml:12:9-38
22        android:networkSecurityConfig="@xml/network_security_config"
22-->src\main\AndroidManifest.xml:13:9-69
23        android:roundIcon="@mipmap/ic_launcher_round"
23-->src\main\AndroidManifest.xml:14:9-54
24        android:supportsRtl="true"
24-->src\main\AndroidManifest.xml:15:9-35
25        android:testOnly="true"
26        android:theme="@style/AppTheme" >
26-->src\main\AndroidManifest.xml:16:9-40
27        <activity android:name="com.sample.locationdiary.DiaryCreateActivity" />
27-->src\main\AndroidManifest.xml:17:9-66
27-->src\main\AndroidManifest.xml:17:19-54
28        <activity android:name="com.sample.locationdiary.FindPwdActivity" />
28-->src\main\AndroidManifest.xml:18:9-53
28-->src\main\AndroidManifest.xml:18:19-50
29        <activity android:name="com.sample.locationdiary.FindIdActivity" />
29-->src\main\AndroidManifest.xml:19:9-52
29-->src\main\AndroidManifest.xml:19:19-49
30        <activity android:name="com.sample.locationdiary.HomeActivity" >
30-->src\main\AndroidManifest.xml:20:9-22:20
30-->src\main\AndroidManifest.xml:20:19-47
31        </activity>
32        <activity android:name="com.sample.locationdiary.SignupActivity" />
32-->src\main\AndroidManifest.xml:23:9-52
32-->src\main\AndroidManifest.xml:23:19-49
33        <activity android:name="com.sample.locationdiary.LogoActivity" />
33-->src\main\AndroidManifest.xml:24:9-50
33-->src\main\AndroidManifest.xml:24:19-47
34        <activity android:name="com.sample.locationdiary.LoginActivity" >
34-->src\main\AndroidManifest.xml:25:9-31:20
34-->src\main\AndroidManifest.xml:25:19-48
35            <intent-filter>
35-->src\main\AndroidManifest.xml:26:13-30:29
36                <action android:name="android.intent.action.MAIN" />
36-->src\main\AndroidManifest.xml:27:17-69
36-->src\main\AndroidManifest.xml:27:25-66
37
38                <category android:name="android.intent.category.LAUNCHER" />
38-->src\main\AndroidManifest.xml:29:17-77
38-->src\main\AndroidManifest.xml:29:27-74
39            </intent-filter>
40        </activity>
41        <activity android:name="com.sample.locationdiary.MainActivity" />
41-->src\main\AndroidManifest.xml:32:9-50
41-->src\main\AndroidManifest.xml:32:19-47
42        <activity android:name="com.sample.locationdiary.GpsSettingActivity" />
42-->src\main\AndroidManifest.xml:33:9-56
42-->src\main\AndroidManifest.xml:33:19-53
43        <activity
43-->[com.google.android.gms:play-services-base:17.0.0] AndroidManifest.xml:23:9-26:75
44            android:name="com.google.android.gms.common.api.GoogleApiActivity"
44-->[com.google.android.gms:play-services-base:17.0.0] AndroidManifest.xml:24:13-79
45            android:exported="false"
45-->[com.google.android.gms:play-services-base:17.0.0] AndroidManifest.xml:25:13-37
46            android:theme="@android:style/Theme.Translucent.NoTitleBar" />
46-->[com.google.android.gms:play-services-base:17.0.0] AndroidManifest.xml:26:13-72
47
48        <meta-data
48-->[com.google.android.gms:play-services-basement:17.0.0] AndroidManifest.xml:23:9-25:69
49            android:name="com.google.android.gms.version"
49-->[com.google.android.gms:play-services-basement:17.0.0] AndroidManifest.xml:24:13-58
50            android:value="@integer/google_play_services_version" />
50-->[com.google.android.gms:play-services-basement:17.0.0] AndroidManifest.xml:25:13-66
51    </application>
52
53</manifest>